::1 - - [16/May/2024:18:01:28 +0300] "GET / HTTP/1.1" 200 4035
::1 - - [16/May/2024:18:01:28 +0300] "GET /appserv/members.gif HTTP/1.1" 200 755
::1 - - [16/May/2024:18:01:28 +0300] "GET /appserv/PHP-logo.gif HTTP/1.1" 200 2158
::1 - - [16/May/2024:18:01:28 +0300] "GET /appserv/flag-english.png HTTP/1.1" 200 576
::1 - - [16/May/2024:18:01:28 +0300] "GET /appserv/flag-thai.png HTTP/1.1" 200 545
::1 - - [16/May/2024:18:01:28 +0300] "GET /appserv/softicon.gif HTTP/1.1" 200 474
::1 - - [16/May/2024:18:01:28 +0300] "GET /favicon.ico HTTP/1.1" 404 209
::1 - - [16/May/2024:18:01:34 +0300] "GET /phpmyadmin/ HTTP/1.1" 200 3109
::1 - - [16/May/2024:18:01:35 +0300] "GET /phpmyadmin/themes/pmahomme/jquery/jquery-ui-1.11.4.css HTTP/1.1" 200 35020
::1 - - [16/May/2024:18:01:35 +0300] "GET /phpmyadmin/js/codemirror/lib/codemirror.css?v=4.6.4 HTTP/1.1" 200 7771
::1 - - [16/May/2024:18:01:35 +0300] "GET /phpmyadmin/js/codemirror/addon/hint/show-hint.css?v=4.6.4 HTTP/1.1" 200 662
::1 - - [16/May/2024:18:01:35 +0300] "GET /phpmyadmin/js/codemirror/addon/lint/lint.css?v=4.6.4 HTTP/1.1" 200 3068
::1 - - [16/May/2024:18:01:35 +0300] "GET /phpmyadmin/js/get_scripts.js.php?scripts%5B%5D=jquery/jquery-2.1.4.min.js&scripts%5B%5D=sprintf.js&scripts%5B%5D=ajax.js&scripts%5B%5D=keyhandler.js&scripts%5B%5D=jquery/jquery-ui-1.11.4.min.js&scripts%5B%5D=jquery/jquery.cookie.js&scripts%5B%5D=jquery/jquery.mousewheel.js&scripts%5B%5D=jquery/jquery.event.drag-2.2.js&scripts%5B%5D=jquery/jquery-ui-timepicker-addon.js&scripts%5B%5D=jquery/jquery.ba-hashchange-1.3.js&v=4.6.4 HTTP/1.1" 200 134175
::1 - - [16/May/2024:18:01:35 +0300] "GET /phpmyadmin/phpmyadmin.css.php?nocache=2942683544ltr HTTP/1.1" 200 20060
::1 - - [16/May/2024:18:01:35 +0300] "GET /phpmyadmin/js/get_scripts.js.php?scripts%5B%5D=console.js&v=4.6.4 HTTP/1.1" 200 10706
::1 - - [16/May/2024:18:01:36 +0300] "GET /phpmyadmin/themes/pmahomme/img/logo_right.png HTTP/1.1" 200 4548
::1 - - [16/May/2024:18:01:36 +0300] "GET /phpmyadmin/themes/dot.gif HTTP/1.1" 200 43
::1 - - [16/May/2024:18:01:35 +0300] "GET /phpmyadmin/js/get_scripts.js.php?scripts%5B%5D=indexes.js&scripts%5B%5D=common.js&scripts%5B%5D=page_settings.js&scripts%5B%5D=codemirror/lib/codemirror.js&scripts%5B%5D=codemirror/mode/sql/sql.js&scripts%5B%5D=codemirror/addon/runmode/runmode.js&scripts%5B%5D=codemirror/addon/hint/show-hint.js&scripts%5B%5D=codemirror/addon/hint/sql-hint.js&scripts%5B%5D=codemirror/addon/lint/lint.js&scripts%5B%5D=codemirror/addon/lint/sql-lint.js&v=4.6.4 HTTP/1.1" 200 118880
::1 - - [16/May/2024:18:01:35 +0300] "GET /phpmyadmin/js/whitelist.php?lang=ro&db=&collation_connection=utf8_unicode_ci&token=96d0d41cfa437c4069f8215b5c0a1786&v=4.6.4 HTTP/1.1" 200 475
::1 - - [16/May/2024:18:01:35 +0300] "GET /phpmyadmin/js/get_scripts.js.php?scripts%5B%5D=jquery/jquery.debounce-1.0.5.js&scripts%5B%5D=menu-resizer.js&scripts%5B%5D=cross_framing_protection.js&scripts%5B%5D=rte.js&scripts%5B%5D=tracekit/tracekit.js&scripts%5B%5D=error_report.js&scripts%5B%5D=config.js&scripts%5B%5D=doclinks.js&scripts%5B%5D=functions.js&scripts%5B%5D=navigation.js&v=4.6.4 HTTP/1.1" 200 80939
::1 - - [16/May/2024:18:01:36 +0300] "GET /phpmyadmin/js/messages.php?lang=ro&db=&collation_connection=utf8_unicode_ci&token=96d0d41cfa437c4069f8215b5c0a1786&v=4.6.4 HTTP/1.1" 200 9804
::1 - - [16/May/2024:18:01:38 +0300] "GET /phpmyadmin/themes/pmahomme/css/printview.css?v=4.6.4 HTTP/1.1" 200 2611
::1 - - [16/May/2024:18:01:36 +0300] "GET /phpmyadmin/js/get_image.js.php?theme=pmahomme&v=4.6.4 HTTP/1.1" 200 1833
::1 - - [16/May/2024:18:01:38 +0300] "GET /phpmyadmin/themes/pmahomme/img/sprites.png?v=4.6.4 HTTP/1.1" 200 46733
::1 - - [16/May/2024:18:01:38 +0300] "GET /phpmyadmin/favicon.ico HTTP/1.1" 200 22486
::1 - - [16/May/2024:18:01:49 +0300] "POST /phpmyadmin/index.php HTTP/1.1" 302 25
::1 - - [16/May/2024:18:01:49 +0300] "GET /phpmyadmin/index.php?token=231c659de9c64aa7e886ad385c73c12e HTTP/1.1" 200 13509
::1 - - [16/May/2024:18:01:50 +0300] "GET /phpmyadmin/themes/pmahomme/img/logo_left.png HTTP/1.1" 200 2234
::1 - - [16/May/2024:18:01:50 +0300] "GET /phpmyadmin/phpmyadmin.css.php?nocache=4658555253ltr HTTP/1.1" 200 20060
::1 - - [16/May/2024:18:01:50 +0300] "GET /phpmyadmin/js/whitelist.php?lang=ro&db=&token=231c659de9c64aa7e886ad385c73c12e&v=4.6.4 HTTP/1.1" 200 475
::1 - - [16/May/2024:18:01:51 +0300] "GET /phpmyadmin/themes/pmahomme/img/ajax_clock_small.gif HTTP/1.1" 200 1810
::1 - - [16/May/2024:18:01:51 +0300] "GET /phpmyadmin/themes/pmahomme/img/s_collapseall.png HTTP/1.1" 200 170
::1 - - [16/May/2024:18:01:51 +0300] "GET /phpmyadmin/themes/pmahomme/img/b_plugin.png HTTP/1.1" 200 591
::1 - - [16/May/2024:18:01:50 +0300] "GET /phpmyadmin/js/messages.php?lang=ro&db=&token=231c659de9c64aa7e886ad385c73c12e&v=4.6.4 HTTP/1.1" 200 9804
::1 - - [16/May/2024:18:01:51 +0300] "GET /phpmyadmin/themes/pmahomme/img/left_nav_bg.png HTTP/1.1" 200 257
::1 - - [16/May/2024:18:01:51 +0300] "POST /phpmyadmin/db_structure.php?ajax_request=1&favorite_table=1&sync_favorite_tables=1&token=231c659de9c64aa7e886ad385c73c12e HTTP/1.1" 200 161
::1 - - [16/May/2024:18:01:51 +0300] "POST /phpmyadmin/version_check.php HTTP/1.1" 200 28
::1 - - [16/May/2024:18:01:57 +0300] "GET /phpmyadmin/server_databases.php?db=&token=231c659de9c64aa7e886ad385c73c12e&ajax_request=true&ajax_page_request=true&_nocache=1715871717298914998 HTTP/1.1" 200 5889
::1 - - [16/May/2024:18:01:57 +0300] "GET /phpmyadmin/themes/pmahomme/img/arrow_ltr.png HTTP/1.1" 200 139
::1 - - [16/May/2024:18:01:57 +0300] "GET /phpmyadmin/js/get_scripts.js.php?scripts%5B%5D=server_databases.js&call_done=1&v=4.6.4 HTTP/1.1" 200 1657
::1 - - [16/May/2024:18:02:20 +0300] "POST /phpmyadmin/server_databases.php HTTP/1.1" 200 1818
::1 - - [16/May/2024:18:02:21 +0300] "GET /phpmyadmin/db_structure.php?db=aplicatie_alegeri&token=231c659de9c64aa7e886ad385c73c12e&db=aplicatie_alegeri&ajax_request=true&ajax_page_request=true&_nocache=171587174101378838 HTTP/1.1" 200 2748
::1 - - [16/May/2024:18:02:21 +0300] "POST /phpmyadmin/navigation.php?ajax_request=1&token=231c659de9c64aa7e886ad385c73c12e HTTP/1.1" 200 2068
::1 - - [16/May/2024:18:02:21 +0300] "GET /phpmyadmin/js/get_scripts.js.php?scripts%5B%5D=db_structure.js&scripts%5B%5D=tbl_change.js&call_done=1&v=4.6.4 HTTP/1.1" 200 10577
::1 - - [16/May/2024:18:02:21 +0300] "GET /phpmyadmin/navigation.php?ajax_request=1&token=231c659de9c64aa7e886ad385c73c12e&aPath=cm9vdA%3D%3D.YXBsaWNhdGllX2FsZWdlcmk%3D&vPath=cm9vdA%3D%3D.YXBsaWNhdGllX2FsZWdlcmk%3D&pos=0&pos2_name=&pos2_value=&searchClause=&searchClause2=&_nocache=1715871741800588535 HTTP/1.1" 200 1406
::1 - - [16/May/2024:18:02:23 +0300] "GET /phpmyadmin/db_import.php?db=aplicatie_alegeri&token=231c659de9c64aa7e886ad385c73c12e&ajax_request=true&ajax_page_request=true&_nocache=1715871743147316116 HTTP/1.1" 200 6286
::1 - - [16/May/2024:18:02:24 +0300] "GET /phpmyadmin/js/get_scripts.js.php?scripts%5B%5D=import.js&call_done=1&v=4.6.4 HTTP/1.1" 200 1699
::1 - - [16/May/2024:18:02:46 +0300] "POST /phpmyadmin/import.php HTTP/1.1" 200 7561
::1 - - [16/May/2024:18:02:52 +0300] "GET /phpmyadmin/js/whitelist.php?lang=ro&db=aplicatie_alegeri&token=231c659de9c64aa7e886ad385c73c12e&v=4.6.4 HTTP/1.1" 200 475
::1 - - [16/May/2024:18:02:52 +0300] "GET /phpmyadmin/js/messages.php?lang=ro&db=aplicatie_alegeri&token=231c659de9c64aa7e886ad385c73c12e&v=4.6.4 HTTP/1.1" 200 9804
::1 - - [16/May/2024:18:02:52 +0300] "POST /phpmyadmin/navigation.php?ajax_request=1&token=231c659de9c64aa7e886ad385c73c12e HTTP/1.1" 200 2990
::1 - - [16/May/2024:18:02:54 +0300] "GET /phpmyadmin/db_structure.php?db=aplicatie_alegeri&token=231c659de9c64aa7e886ad385c73c12e&ajax_request=true&ajax_page_request=true&_nocache=1715871774020872967 HTTP/1.1" 200 7908
::1 - - [16/May/2024:18:03:14 +0300] "GET /aplicatie_alegeri/ HTTP/1.1" 200 2304
::1 - - [16/May/2024:18:03:14 +0300] "GET /aplicatie_alegeri/assets/media/bundle.addons.css?v=1.0.1 HTTP/1.1" 200 2309
::1 - - [16/May/2024:18:03:14 +0300] "GET /aplicatie_alegeri/assets/media/bootstrap/bootstrap.min.css?v=1.0.1 HTTP/1.1" 200 155758
::1 - - [16/May/2024:18:03:14 +0300] "GET /aplicatie_alegeri/assets/images/logo.png HTTP/1.1" 200 6011
::1 - - [16/May/2024:18:03:14 +0300] "GET /aplicatie_alegeri/assets/scripts/jquery/jquery-3.3.1.min.js?v=1.0.1 HTTP/1.1" 200 86927
::1 - - [16/May/2024:18:03:14 +0300] "GET /aplicatie_alegeri/assets/scripts/bootstrap/bootstrap.min.js?v=1.0.1 HTTP/1.1" 200 58072
::1 - - [16/May/2024:18:03:14 +0300] "GET /aplicatie_alegeri/assets/images/favicon.ico HTTP/1.1" 200 1150
::1 - - [16/May/2024:18:03:17 +0300] "GET /aplicatie_alegeri/ HTTP/1.1" 200 2304
::1 - - [16/May/2024:18:03:20 +0300] "GET /aplicatie_alegeri/ HTTP/1.1" 200 2304
::1 - - [16/May/2024:18:03:28 +0300] "GET /aplicatie_alegeri/dashboard/ HTTP/1.1" 200 3099
::1 - - [16/May/2024:18:03:28 +0300] "GET /aplicatie_alegeri/dashboard/assets/media/vendor.bundle.addons.min.css?v=1.0.1 HTTP/1.1" 200 32629
::1 - - [16/May/2024:18:03:28 +0300] "GET /aplicatie_alegeri/dashboard/assets/fonts/mdi/materialdesignicons.css?v=1.0.1 HTTP/1.1" 200 190264
::1 - - [16/May/2024:18:03:28 +0300] "GET /aplicatie_alegeri/dashboard/assets/media/vendor.bundle.base.min.css?v=1.0.1 HTTP/1.1" 200 226330
::1 - - [16/May/2024:18:03:28 +0300] "GET /aplicatie_alegeri/dashboard/assets/scripts/vendor.bundle.base.min.js?v=1.0.1 HTTP/1.1" 200 183515
::1 - - [16/May/2024:18:03:28 +0300] "GET /aplicatie_alegeri/dashboard/assets/images/login.jpg HTTP/1.1" 200 134833
::1 - - [16/May/2024:18:03:28 +0300] "GET /aplicatie_alegeri/dashboard/assets/fonts/mdi/fonts/materialdesignicons-webfont.woff2?v=3.5.95 HTTP/1.1" 200 188316
::1 - - [16/May/2024:18:03:28 +0300] "GET /aplicatie_alegeri/dashboard/assets/images/favicon.ico HTTP/1.1" 200 1150
::1 - - [16/May/2024:18:03:33 +0300] "GET /aplicatie_alegeri/results/ HTTP/1.1" 200 3096
::1 - - [16/May/2024:18:03:33 +0300] "GET /aplicatie_alegeri/results/assets/fonts/mdi/materialdesignicons.css?v=1.0.1 HTTP/1.1" 200 190264
::1 - - [16/May/2024:18:03:33 +0300] "GET /aplicatie_alegeri/results/assets/media/vendor.bundle.addons.min.css?v=1.0.1 HTTP/1.1" 200 32629
::1 - - [16/May/2024:18:03:33 +0300] "GET /aplicatie_alegeri/results/assets/scripts/vendor.bundle.base.min.js?v=1.0.1 HTTP/1.1" 200 183515
::1 - - [16/May/2024:18:03:33 +0300] "GET /aplicatie_alegeri/results/assets/media/vendor.bundle.base.min.css?v=1.0.1 HTTP/1.1" 200 226330
::1 - - [16/May/2024:18:03:33 +0300] "GET /aplicatie_alegeri/results/assets/images/login.jpg HTTP/1.1" 200 134833
::1 - - [16/May/2024:18:03:33 +0300] "GET /aplicatie_alegeri/results/assets/fonts/mdi/fonts/materialdesignicons-webfont.woff2?v=3.5.95 HTTP/1.1" 200 188316
::1 - - [16/May/2024:18:03:33 +0300] "GET /aplicatie_alegeri/results/assets/images/favicon.ico HTTP/1.1" 200 1150
::1 - - [16/May/2024:18:03:36 +0300] "GET /aplicatie_alegeri/login.php HTTP/1.1" 200 3321
::1 - - [16/May/2024:18:06:26 +0300] "POST /aplicatie_alegeri/login.php HTTP/1.1" 302 3321
::1 - - [16/May/2024:18:06:26 +0300] "GET /aplicatie_alegeri/account.php HTTP/1.1" 200 3910
::1 - - [16/May/2024:18:08:20 +0300] "GET /aplicatie_alegeri/elections-history.php HTTP/1.1" 200 5569
::1 - - [16/May/2024:18:08:25 +0300] "GET /aplicatie_alegeri/elections-history.php?id=4 HTTP/1.1" 200 18516
::1 - - [16/May/2024:18:08:27 +0300] "GET /aplicatie_alegeri/elections-history.php HTTP/1.1" 200 5569
::1 - - [16/May/2024:18:08:29 +0300] "GET /aplicatie_alegeri/elections.php HTTP/1.1" 200 3949
::1 - - [16/May/2024:18:08:30 +0300] "GET /aplicatie_alegeri/elections.php?id=4 HTTP/1.1" 200 3135
::1 - - [16/May/2024:18:08:32 +0300] "GET /aplicatie_alegeri/elections-history.php?id=4 HTTP/1.1" 200 18516
::1 - - [16/May/2024:18:08:34 +0300] "GET /aplicatie_alegeri/account.php HTTP/1.1" 200 3910
::1 - - [16/May/2024:18:08:53 +0300] "POST /aplicatie_alegeri/results/index.php HTTP/1.1" 302 3096
::1 - - [16/May/2024:18:08:53 +0300] "GET /aplicatie_alegeri/results/home.php HTTP/1.1" 200 5678
::1 - - [16/May/2024:18:08:54 +0300] "GET /aplicatie_alegeri/results/assets/images/logo.png HTTP/1.1" 200 5537
::1 - - [16/May/2024:18:08:54 +0300] "GET /aplicatie_alegeri/results/assets/images/logo-mini.png HTTP/1.1" 200 6011
::1 - - [16/May/2024:18:08:54 +0300] "GET /aplicatie_alegeri/results/assets/scripts/vendor.bundle.addons.min.js?v=1.0.1 HTTP/1.1" 200 97782
::1 - - [16/May/2024:18:09:08 +0300] "GET /aplicatie_alegeri/results/results.php HTTP/1.1" 200 9513
::1 - - [16/May/2024:18:09:16 +0300] "GET /aplicatie_alegeri/results/results.php?details=1 HTTP/1.1" 200 10988
::1 - - [16/May/2024:18:09:32 +0300] "POST /aplicatie_alegeri/dashboard/index.php HTTP/1.1" 302 3099
::1 - - [16/May/2024:18:09:32 +0300] "GET /aplicatie_alegeri/dashboard/home.php HTTP/1.1" 200 6029
::1 - - [16/May/2024:18:09:32 +0300] "GET /aplicatie_alegeri/dashboard/assets/scripts/vendor.bundle.addons.min.js?v=1.0.1 HTTP/1.1" 200 97782
::1 - - [16/May/2024:18:09:32 +0300] "GET /aplicatie_alegeri/dashboard/assets/images/logo.png HTTP/1.1" 200 5537
::1 - - [16/May/2024:18:09:32 +0300] "GET /aplicatie_alegeri/dashboard/assets/images/logo-mini.png HTTP/1.1" 200 6011
::1 - - [16/May/2024:18:09:36 +0300] "GET /aplicatie_alegeri/dashboard/users.php HTTP/1.1" 200 46720
::1 - - [16/May/2024:18:09:47 +0300] "GET /aplicatie_alegeri/dashboard/users.php?add HTTP/1.1" 200 13260
::1 - - [16/May/2024:18:10:04 +0300] "POST /aplicatie_alegeri/dashboard/users.php?add HTTP/1.1" 200 13351
::1 - - [16/May/2024:18:10:20 +0300] "POST /aplicatie_alegeri/dashboard/users.php?add HTTP/1.1" 200 13408
::1 - - [16/May/2024:18:10:54 +0300] "POST /aplicatie_alegeri/dashboard/users.php?add HTTP/1.1" 200 13347
::1 - - [16/May/2024:18:11:07 +0300] "POST /aplicatie_alegeri/dashboard/users.php?add HTTP/1.1" 200 4957
::1 - - [16/May/2024:18:11:12 +0300] "GET /aplicatie_alegeri/dashboard/users.php HTTP/1.1" 200 48472
::1 - - [16/May/2024:18:11:17 +0300] "GET /aplicatie_alegeri/dashboard/users.php?edit=37 HTTP/1.1" 200 13293
::1 - - [16/May/2024:18:11:32 +0300] "POST /aplicatie_alegeri/dashboard/users.php?edit=37 HTTP/1.1" 200 13376
::1 - - [16/May/2024:18:11:33 +0300] "GET /aplicatie_alegeri/dashboard/users.php HTTP/1.1" 200 48486
::1 - - [16/May/2024:18:11:39 +0300] "GET /aplicatie_alegeri/dashboard/users.php?delete=37 HTTP/1.1" 200 4955
::1 - - [16/May/2024:18:11:40 +0300] "GET /aplicatie_alegeri/dashboard/users.php HTTP/1.1" 200 46720
::1 - - [16/May/2024:18:13:48 +0300] "GET /aplicatie_alegeri/ HTTP/1.1" 200 2662
::1 - - [16/May/2024:18:13:58 +0300] "GET /aplicatie_alegeri/logout.php HTTP/1.1" 302 -
::1 - - [16/May/2024:18:13:58 +0300] "GET /aplicatie_alegeri/login.php HTTP/1.1" 200 3321
::1 - - [16/May/2024:18:14:00 +0300] "GET /aplicatie_alegeri/index.php HTTP/1.1" 200 2304
::1 - - [16/May/2024:18:14:09 +0300] "GET /aplicatie_alegeri/login.php HTTP/1.1" 200 3321
::1 - - [16/May/2024:18:18:39 +0300] "POST /aplicatie_alegeri/login.php HTTP/1.1" 302 3321
::1 - - [16/May/2024:18:18:39 +0300] "GET /aplicatie_alegeri/account.php HTTP/1.1" 200 3910
::1 - - [16/May/2024:18:18:48 +0300] "GET /aplicatie_alegeri/assets/scripts/bootstrap/bootstrap.min.js.map HTTP/1.1" 200 190253
::1 - - [16/May/2024:18:18:48 +0300] "GET /aplicatie_alegeri/assets/media/bootstrap/bootstrap.min.css.map HTTP/1.1" 200 625953
::1 - - [16/May/2024:18:26:33 +0300] "GET /aplicatie_alegeri/account.php HTTP/1.1" 200 3910
::1 - - [16/May/2024:18:26:51 +0300] "POST /phpmyadmin/index.php HTTP/1.1" 200 1443
::1 - - [16/May/2024:18:29:02 +0300] "GET /aplicatie_alegeri/account.php HTTP/1.1" 200 3910
::1 - - [16/May/2024:18:31:17 +0300] "GET /aplicatie_alegeri/account.php HTTP/1.1" 200 3910
::1 - - [16/May/2024:18:31:29 +0300] "GET /aplicatie_alegeri/index.php HTTP/1.1" 200 2791
::1 - - [16/May/2024:18:31:36 +0300] "GET /aplicatie_alegeri/index.php HTTP/1.1" 200 2791
::1 - - [16/May/2024:18:31:36 +0300] "GET /aplicatie_alegeri/assets/media/bootstrap/bootstrap.min.css?v=1.0.1 HTTP/1.1" 200 155758
::1 - - [16/May/2024:18:31:36 +0300] "GET /aplicatie_alegeri/assets/media/bundle.addons.css?v=1.0.1 HTTP/1.1" 200 2309
::1 - - [16/May/2024:18:31:36 +0300] "GET /aplicatie_alegeri/assets/images/logo.png HTTP/1.1" 200 6011
::1 - - [16/May/2024:18:31:36 +0300] "GET /aplicatie_alegeri/assets/scripts/bootstrap/bootstrap.min.js?v=1.0.1 HTTP/1.1" 200 58072
::1 - - [16/May/2024:18:31:36 +0300] "GET /aplicatie_alegeri/assets/scripts/jquery/jquery-3.3.1.min.js?v=1.0.1 HTTP/1.1" 200 86927
::1 - - [16/May/2024:18:31:36 +0300] "GET /aplicatie_alegeri/assets/media/bootstrap/bootstrap.min.css.map HTTP/1.1" 200 625953
::1 - - [16/May/2024:18:31:36 +0300] "GET /aplicatie_alegeri/assets/scripts/bootstrap/bootstrap.min.js.map HTTP/1.1" 200 190253
::1 - - [16/May/2024:18:31:36 +0300] "GET /aplicatie_alegeri/assets/images/favicon.ico HTTP/1.1" 200 1150
::1 - - [16/May/2024:18:31:50 +0300] "GET /aplicatie_alegeri/index.php HTTP/1.1" 200 2792
::1 - - [16/May/2024:18:31:52 +0300] "GET /aplicatie_alegeri/index.php HTTP/1.1" 200 2792
::1 - - [16/May/2024:18:31:57 +0300] "GET /aplicatie_alegeri/index.php HTTP/1.1" 200 2792
::1 - - [16/May/2024:18:31:57 +0300] "GET /aplicatie_alegeri/assets/media/bootstrap/bootstrap.min.css?v=1.0.1 HTTP/1.1" 200 155758
::1 - - [16/May/2024:18:31:57 +0300] "GET /aplicatie_alegeri/assets/media/bundle.addons.css?v=1.0.1 HTTP/1.1" 200 2309
::1 - - [16/May/2024:18:31:57 +0300] "GET /aplicatie_alegeri/assets/scripts/bootstrap/bootstrap.min.js?v=1.0.1 HTTP/1.1" 200 58072
::1 - - [16/May/2024:18:31:57 +0300] "GET /aplicatie_alegeri/assets/scripts/jquery/jquery-3.3.1.min.js?v=1.0.1 HTTP/1.1" 200 86927
::1 - - [16/May/2024:18:31:57 +0300] "GET /aplicatie_alegeri/assets/images/logo.png HTTP/1.1" 200 6011
::1 - - [16/May/2024:18:31:57 +0300] "GET /aplicatie_alegeri/assets/media/bootstrap/bootstrap.min.css.map HTTP/1.1" 200 625953
::1 - - [16/May/2024:18:31:57 +0300] "GET /aplicatie_alegeri/assets/scripts/bootstrap/bootstrap.min.js.map HTTP/1.1" 200 190253
::1 - - [16/May/2024:18:31:57 +0300] "GET /aplicatie_alegeri/assets/images/favicon.ico HTTP/1.1" 200 1150
::1 - - [16/May/2024:18:32:09 +0300] "GET /aplicatie_alegeri/index.php HTTP/1.1" 200 2793
::1 - - [16/May/2024:18:32:11 +0300] "GET /aplicatie_alegeri/index.php HTTP/1.1" 200 2793
::1 - - [16/May/2024:18:32:15 +0300] "GET /aplicatie_alegeri/index.php HTTP/1.1" 200 2793
::1 - - [16/May/2024:18:32:15 +0300] "GET /aplicatie_alegeri/assets/media/bootstrap/bootstrap.min.css?v=1.0.1 HTTP/1.1" 200 155758
::1 - - [16/May/2024:18:32:15 +0300] "GET /aplicatie_alegeri/assets/media/bundle.addons.css?v=1.0.1 HTTP/1.1" 200 2309
::1 - - [16/May/2024:18:32:15 +0300] "GET /aplicatie_alegeri/assets/images/logo.png HTTP/1.1" 200 6011
::1 - - [16/May/2024:18:32:15 +0300] "GET /aplicatie_alegeri/assets/scripts/jquery/jquery-3.3.1.min.js?v=1.0.1 HTTP/1.1" 200 86927
::1 - - [16/May/2024:18:32:15 +0300] "GET /aplicatie_alegeri/assets/scripts/bootstrap/bootstrap.min.js?v=1.0.1 HTTP/1.1" 200 58072
::1 - - [16/May/2024:18:32:15 +0300] "GET /aplicatie_alegeri/assets/images/favicon.ico HTTP/1.1" 200 1150
::1 - - [16/May/2024:18:32:33 +0300] "GET /aplicatie_alegeri/index.php HTTP/1.1" 200 2793
::1 - - [16/May/2024:18:33:00 +0300] "GET /aplicatie_alegeri/index.php HTTP/1.1" 200 2775
::1 - - [16/May/2024:18:33:01 +0300] "GET /aplicatie_alegeri/index.php HTTP/1.1" 200 2775
::1 - - [16/May/2024:18:33:02 +0300] "GET /aplicatie_alegeri/index.php HTTP/1.1" 200 2775
::1 - - [16/May/2024:18:33:12 +0300] "GET /aplicatie_alegeri/index.php HTTP/1.1" 200 2775
::1 - - [16/May/2024:18:33:13 +0300] "GET /aplicatie_alegeri/index.php HTTP/1.1" 200 2775
::1 - - [16/May/2024:18:33:15 +0300] "GET /aplicatie_alegeri/index.php HTTP/1.1" 200 2775
::1 - - [16/May/2024:18:33:16 +0300] "GET /aplicatie_alegeri/index.php HTTP/1.1" 200 2775
::1 - - [16/May/2024:18:33:16 +0300] "GET /aplicatie_alegeri/assets/media/bootstrap/bootstrap.min.css?v=1.0.1 HTTP/1.1" 200 155758
::1 - - [16/May/2024:18:33:16 +0300] "GET /aplicatie_alegeri/assets/media/bundle.addons.css?v=1.0.1 HTTP/1.1" 200 2309
::1 - - [16/May/2024:18:33:16 +0300] "GET /aplicatie_alegeri/assets/scripts/jquery/jquery-3.3.1.min.js?v=1.0.1 HTTP/1.1" 200 86927
::1 - - [16/May/2024:18:33:16 +0300] "GET /aplicatie_alegeri/assets/images/logo.png HTTP/1.1" 200 6011
::1 - - [16/May/2024:18:33:16 +0300] "GET /aplicatie_alegeri/assets/scripts/bootstrap/bootstrap.min.js?v=1.0.1 HTTP/1.1" 200 58072
::1 - - [16/May/2024:18:33:17 +0300] "GET /aplicatie_alegeri/assets/media/bootstrap/bootstrap.min.css.map HTTP/1.1" 200 625953
::1 - - [16/May/2024:18:33:17 +0300] "GET /aplicatie_alegeri/assets/scripts/bootstrap/bootstrap.min.js.map HTTP/1.1" 200 190253
::1 - - [16/May/2024:18:33:17 +0300] "GET /aplicatie_alegeri/assets/images/favicon.ico HTTP/1.1" 200 1150
::1 - - [16/May/2024:18:34:16 +0300] "GET /aplicatie_alegeri/index.php HTTP/1.1" 200 2769
::1 - - [16/May/2024:18:35:29 +0300] "GET /aplicatie_alegeri/index.php HTTP/1.1" 200 2801
::1 - - [16/May/2024:18:35:48 +0300] "GET /aplicatie_alegeri/index.php HTTP/1.1" 200 2801
::1 - - [16/May/2024:18:35:49 +0300] "GET /aplicatie_alegeri/index.php HTTP/1.1" 200 2801
::1 - - [16/May/2024:18:36:09 +0300] "GET /aplicatie_alegeri/index.php HTTP/1.1" 200 2801
::1 - - [16/May/2024:18:36:10 +0300] "GET /aplicatie_alegeri/index.php HTTP/1.1" 200 2801
::1 - - [16/May/2024:18:36:11 +0300] "GET /aplicatie_alegeri/index.php HTTP/1.1" 200 2801
::1 - - [16/May/2024:18:36:13 +0300] "GET /aplicatie_alegeri/index.php HTTP/1.1" 200 2801
::1 - - [16/May/2024:18:36:52 +0300] "GET /aplicatie_alegeri/index.php HTTP/1.1" 200 2802
::1 - - [16/May/2024:18:36:53 +0300] "GET /aplicatie_alegeri/index.php HTTP/1.1" 200 2802
::1 - - [16/May/2024:18:37:25 +0300] "GET /aplicatie_alegeri/index.php HTTP/1.1" 200 2662
::1 - - [16/May/2024:18:37:44 +0300] "GET /aplicatie_alegeri/logout.php HTTP/1.1" 302 -
::1 - - [16/May/2024:18:37:44 +0300] "GET /aplicatie_alegeri/login.php HTTP/1.1" 200 3321
::1 - - [16/May/2024:18:38:11 +0300] "POST /aplicatie_alegeri/login.php HTTP/1.1" 302 3321
::1 - - [16/May/2024:18:38:11 +0300] "GET /aplicatie_alegeri/account.php HTTP/1.1" 200 3910
::1 - - [16/May/2024:18:38:16 +0300] "GET /aplicatie_alegeri/login.php HTTP/1.1" 302 -
::1 - - [16/May/2024:18:38:16 +0300] "GET /aplicatie_alegeri/account.php HTTP/1.1" 200 3910
::1 - - [16/May/2024:18:41:31 +0300] "GET /aplicatie_alegeri/logout.php HTTP/1.1" 302 -
::1 - - [16/May/2024:18:41:31 +0300] "GET /aplicatie_alegeri/login.php HTTP/1.1" 200 3321
::1 - - [16/May/2024:18:44:55 +0300] "GET /aplicatie_alegeri/login.php HTTP/1.1" 200 3332
::1 - - [16/May/2024:18:44:59 +0300] "POST /aplicatie_alegeri/login.php HTTP/1.1" 200 3397
::1 - - [16/May/2024:18:45:10 +0300] "POST /aplicatie_alegeri/login.php HTTP/1.1" 200 3401
::1 - - [16/May/2024:18:46:00 +0300] "GET /phpmyadmin/favicon.ico HTTP/1.1" 200 22486
::1 - - [16/May/2024:18:46:00 +0300] "GET /phpmyadmin/sql.php?server=1&db=aplicatie_alegeri&table=tbl_users&pos=0&token=231c659de9c64aa7e886ad385c73c12e&ajax_request=true&ajax_page_request=true&_nocache=1715874360337180682 HTTP/1.1" 200 10084
::1 - - [16/May/2024:18:46:01 +0300] "GET /phpmyadmin/themes/dot.gif HTTP/1.1" 200 43
::1 - - [16/May/2024:18:46:01 +0300] "GET /phpmyadmin/themes/pmahomme/img/s_fulltext.png HTTP/1.1" 200 193
::1 - - [16/May/2024:18:46:01 +0300] "GET /phpmyadmin/themes/pmahomme/img/arrow_ltr.png HTTP/1.1" 200 139
::1 - - [16/May/2024:18:46:01 +0300] "GET /phpmyadmin/js/get_scripts.js.php?scripts%5B%5D=jquery/jquery.uitablefilter.js&scripts%5B%5D=gis_data_editor.js&scripts%5B%5D=multi_column_sort.js&scripts%5B%5D=makegrid.js&scripts%5B%5D=sql.js&call_done=1&v=4.6.4 HTTP/1.1" 200 31146
::1 - - [16/May/2024:18:46:01 +0300] "GET /phpmyadmin/themes/pmahomme/img/col_pointer.png HTTP/1.1" 200 113
::1 - - [16/May/2024:18:46:01 +0300] "GET /phpmyadmin/themes/pmahomme/img/col_drop.png HTTP/1.1" 200 132
::1 - - [16/May/2024:18:46:01 +0300] "GET /phpmyadmin/index.php?ajax_request=1&recent_table=1&token=231c659de9c64aa7e886ad385c73c12e&no_debug=true&_nocache=1715874361696977104 HTTP/1.1" 200 1438
::1 - - [16/May/2024:18:47:33 +0300] "POST /aplicatie_alegeri/login.php HTTP/1.1" 302 3332
::1 - - [16/May/2024:18:47:33 +0300] "GET /aplicatie_alegeri/account.php HTTP/1.1" 200 3910
::1 - - [16/May/2024:18:47:57 +0300] "GET /aplicatie_alegeri/account.php HTTP/1.1" 200 3910
::1 - - [16/May/2024:18:48:26 +0300] "GET /aplicatie_alegeri/logout.php HTTP/1.1" 302 -
::1 - - [16/May/2024:18:48:26 +0300] "GET /aplicatie_alegeri/login.php HTTP/1.1" 200 3332
::1 - - [16/May/2024:18:49:10 +0300] "GET /aplicatie_alegeri/results/results.php?details=1 HTTP/1.1" 200 10988
::1 - - [16/May/2024:18:49:10 +0300] "GET /aplicatie_alegeri/results/assets/fonts/mdi/materialdesignicons.css?v=1.0.1 HTTP/1.1" 200 190264
::1 - - [16/May/2024:18:49:10 +0300] "GET /aplicatie_alegeri/results/assets/media/vendor.bundle.base.min.css?v=1.0.1 HTTP/1.1" 200 226330
::1 - - [16/May/2024:18:49:10 +0300] "GET /aplicatie_alegeri/results/assets/media/vendor.bundle.addons.min.css?v=1.0.1 HTTP/1.1" 200 32629
::1 - - [16/May/2024:18:49:10 +0300] "GET /aplicatie_alegeri/results/assets/scripts/vendor.bundle.addons.min.js?v=1.0.1 HTTP/1.1" 200 97782
::1 - - [16/May/2024:18:49:10 +0300] "GET /aplicatie_alegeri/results/assets/images/logo.png HTTP/1.1" 200 5537
::1 - - [16/May/2024:18:49:10 +0300] "GET /aplicatie_alegeri/results/assets/scripts/vendor.bundle.base.min.js?v=1.0.1 HTTP/1.1" 200 183515
::1 - - [16/May/2024:18:49:10 +0300] "GET /aplicatie_alegeri/results/assets/images/logo-mini.png HTTP/1.1" 200 6011
::1 - - [16/May/2024:18:49:11 +0300] "GET /aplicatie_alegeri/results/assets/fonts/mdi/fonts/materialdesignicons-webfont.woff2?v=3.5.95 HTTP/1.1" 200 188316
::1 - - [16/May/2024:18:49:11 +0300] "GET /aplicatie_alegeri/results/assets/images/favicon.ico HTTP/1.1" 200 1150
::1 - - [16/May/2024:18:52:38 +0300] "GET /phpmyadmin/js/get_scripts.js.php?scripts%5B%5D=jquery/jquery.debounce-1.0.5.js&scripts%5B%5D=menu-resizer.js&scripts%5B%5D=cross_framing_protection.js&scripts%5B%5D=rte.js&scripts%5B%5D=tracekit/tracekit.js&scripts%5B%5D=error_report.js&scripts%5B%5D=config.js&scripts%5B%5D=doclinks.js&scripts%5B%5D=functions.js&scripts%5B%5D=navigation.js&v=4.6.4 HTTP/1.1" 200 80939
::1 - - [16/May/2024:18:52:38 +0300] "GET /phpmyadmin/error_report.php?ajax_request=true&server=1&token=231c659de9c64aa7e886ad385c73c12e&get_settings=true&exception_type=js&_nocache=1715874758268512548 HTTP/1.1" 200 1387
::1 - - [16/May/2024:18:53:31 +0300] "GET /phpmyadmin/db_structure.php?db=aplicatie_alegeri&token=231c659de9c64aa7e886ad385c73c12e&ajax_request=true&ajax_page_request=true&_nocache=1715874811006719353 HTTP/1.1" 200 7912
::1 - - [16/May/2024:18:53:39 +0300] "POST /phpmyadmin/db_structure.php HTTP/1.1" 200 1863
::1 - - [16/May/2024:18:53:41 +0300] "POST /phpmyadmin/db_structure.php HTTP/1.1" 200 7912
::1 - - [16/May/2024:18:53:48 +0300] "POST /phpmyadmin/db_structure.php HTTP/1.1" 200 1865
::1 - - [16/May/2024:18:53:50 +0300] "POST /phpmyadmin/db_structure.php HTTP/1.1" 200 7286
::1 - - [16/May/2024:18:53:50 +0300] "POST /phpmyadmin/navigation.php?ajax_request=1&token=231c659de9c64aa7e886ad385c73c12e HTTP/1.1" 200 2839
::1 - - [16/May/2024:18:53:50 +0300] "GET /phpmyadmin/themes/pmahomme/img/s_collapseall.png HTTP/1.1" 200 170
::1 - - [16/May/2024:18:53:56 +0300] "GET /phpmyadmin/sql.php?server=1&db=aplicatie_alegeri&table=tbl_elections&pos=0&token=231c659de9c64aa7e886ad385c73c12e&ajax_request=true&ajax_page_request=true&_nocache=171587483604886438 HTTP/1.1" 200 8233
::1 - - [16/May/2024:18:53:56 +0300] "GET /phpmyadmin/index.php?ajax_request=1&recent_table=1&token=231c659de9c64aa7e886ad385c73c12e&no_debug=true&_nocache=1715874836545744014 HTTP/1.1" 200 1450
::1 - - [16/May/2024:18:54:01 +0300] "GET /phpmyadmin/sql.php?server=1&db=aplicatie_alegeri&table=tbl_elections_ballots&pos=0&token=231c659de9c64aa7e886ad385c73c12e&ajax_request=true&ajax_page_request=true&_nocache=1715874841010440743 HTTP/1.1" 200 8999
::1 - - [16/May/2024:18:54:01 +0300] "GET /phpmyadmin/index.php?ajax_request=1&recent_table=1&token=231c659de9c64aa7e886ad385c73c12e&no_debug=true&_nocache=1715874841583636308 HTTP/1.1" 200 1461
::1 - - [16/May/2024:18:54:04 +0300] "GET /phpmyadmin/sql.php?server=1&db=aplicatie_alegeri&table=tbl_elections_ballots_options&pos=0&token=231c659de9c64aa7e886ad385c73c12e&ajax_request=true&ajax_page_request=true&_nocache=1715874844417664177 HTTP/1.1" 200 9884
::1 - - [16/May/2024:18:54:05 +0300] "GET /phpmyadmin/index.php?ajax_request=1&recent_table=1&token=231c659de9c64aa7e886ad385c73c12e&no_debug=true&_nocache=1715874845030415567 HTTP/1.1" 200 1471
::1 - - [16/May/2024:18:54:45 +0300] "GET /phpmyadmin/sql.php?server=1&db=aplicatie_alegeri&table=tbl_elections_ballots_types&pos=0&token=231c659de9c64aa7e886ad385c73c12e&ajax_request=true&ajax_page_request=true&_nocache=171587488516093893 HTTP/1.1" 200 7317
::1 - - [16/May/2024:18:54:45 +0300] "GET /phpmyadmin/index.php?ajax_request=1&recent_table=1&token=231c659de9c64aa7e886ad385c73c12e&no_debug=true&_nocache=171587488562234732 HTTP/1.1" 200 1484
::1 - - [16/May/2024:18:54:56 +0300] "GET /phpmyadmin/sql.php?server=1&db=aplicatie_alegeri&table=tbl_elections_results_actions&pos=0&token=231c659de9c64aa7e886ad385c73c12e&ajax_request=true&ajax_page_request=true&_nocache=1715874896864249092 HTTP/1.1" 200 4880
::1 - - [16/May/2024:18:54:57 +0300] "GET /phpmyadmin/index.php?ajax_request=1&recent_table=1&token=231c659de9c64aa7e886ad385c73c12e&no_debug=true&_nocache=1715874897305399682 HTTP/1.1" 200 1497
::1 - - [16/May/2024:18:55:21 +0300] "GET /phpmyadmin/sql.php?server=1&db=aplicatie_alegeri&table=tbl_elections_types&pos=0&token=231c659de9c64aa7e886ad385c73c12e&ajax_request=true&ajax_page_request=true&_nocache=1715874921960834670 HTTP/1.1" 200 6873
::1 - - [16/May/2024:18:55:22 +0300] "GET /phpmyadmin/index.php?ajax_request=1&recent_table=1&token=231c659de9c64aa7e886ad385c73c12e&no_debug=true&_nocache=1715874922393726640 HTTP/1.1" 200 1504
::1 - - [16/May/2024:18:55:36 +0300] "GET /phpmyadmin/sql.php?server=1&db=aplicatie_alegeri&table=tbl_elections_validation_commissions&pos=0&token=231c659de9c64aa7e886ad385c73c12e&ajax_request=true&ajax_page_request=true&_nocache=171587493610688748 HTTP/1.1" 200 7356
::1 - - [16/May/2024:18:55:36 +0300] "GET /phpmyadmin/index.php?ajax_request=1&recent_table=1&token=231c659de9c64aa7e886ad385c73c12e&no_debug=true&_nocache=1715874936525875393 HTTP/1.1" 200 1524
::1 - - [16/May/2024:18:55:41 +0300] "GET /phpmyadmin/sql.php?server=1&db=aplicatie_alegeri&table=tbl_languages&pos=0&token=231c659de9c64aa7e886ad385c73c12e&ajax_request=true&ajax_page_request=true&_nocache=1715874941371201209 HTTP/1.1" 200 6969
::1 - - [16/May/2024:18:55:41 +0300] "GET /phpmyadmin/index.php?ajax_request=1&recent_table=1&token=231c659de9c64aa7e886ad385c73c12e&no_debug=true&_nocache=171587494181025331 HTTP/1.1" 200 1538
::1 - - [16/May/2024:18:55:42 +0300] "GET /phpmyadmin/index.php?token=231c659de9c64aa7e886ad385c73c12e&ajax_request=true&ajax_page_request=true&_nocache=1715874942906543348 HTTP/1.1" 200 7243
::1 - - [16/May/2024:18:55:43 +0300] "GET /phpmyadmin/themes/pmahomme/img/b_plugin.png HTTP/1.1" 200 591
::1 - - [16/May/2024:18:55:43 +0300] "POST /phpmyadmin/version_check.php HTTP/1.1" 200 28
::1 - - [16/May/2024:18:55:43 +0300] "POST /phpmyadmin/db_structure.php?ajax_request=1&favorite_table=1&sync_favorite_tables=1&token=231c659de9c64aa7e886ad385c73c12e HTTP/1.1" 200 161
::1 - - [16/May/2024:18:55:46 +0300] "GET /phpmyadmin/db_structure.php?server=1&db=aplicatie_alegeri&token=231c659de9c64aa7e886ad385c73c12e&ajax_request=true&ajax_page_request=true&_nocache=1715874946737239205 HTTP/1.1" 200 7220
::1 - - [16/May/2024:18:55:54 +0300] "POST /phpmyadmin/db_structure.php HTTP/1.1" 200 1818
::1 - - [16/May/2024:18:55:55 +0300] "POST /phpmyadmin/db_structure.php HTTP/1.1" 200 6926
::1 - - [16/May/2024:18:55:56 +0300] "POST /phpmyadmin/navigation.php?ajax_request=1&token=231c659de9c64aa7e886ad385c73c12e HTTP/1.1" 200 2859
::1 - - [16/May/2024:18:56:00 +0300] "GET /phpmyadmin/sql.php?server=1&db=aplicatie_alegeri&table=tbl_users_admin_roles&pos=0&token=231c659de9c64aa7e886ad385c73c12e&ajax_request=true&ajax_page_request=true&_nocache=1715874960771244414 HTTP/1.1" 200 7331
::1 - - [16/May/2024:18:56:01 +0300] "GET /phpmyadmin/index.php?ajax_request=1&recent_table=1&token=231c659de9c64aa7e886ad385c73c12e&no_debug=true&_nocache=1715874961293777873 HTTP/1.1" 200 1553
::1 - - [16/May/2024:18:56:23 +0300] "GET /phpmyadmin/db_structure.php?db=aplicatie_alegeri&token=231c659de9c64aa7e886ad385c73c12e&ajax_request=true&ajax_page_request=true&_nocache=1715874983145627820 HTTP/1.1" 200 6890
::1 - - [16/May/2024:18:56:29 +0300] "GET /phpmyadmin/sql.php?server=1&db=aplicatie_alegeri&table=tbl_users&pos=0&token=231c659de9c64aa7e886ad385c73c12e&ajax_request=true&ajax_page_request=true&_nocache=1715874989852147827 HTTP/1.1" 200 10083
::1 - - [16/May/2024:18:56:30 +0300] "GET /phpmyadmin/index.php?ajax_request=1&recent_table=1&token=231c659de9c64aa7e886ad385c73c12e&no_debug=true&_nocache=1715874990514912924 HTTP/1.1" 200 1552
::1 - - [16/May/2024:18:56:33 +0300] "GET /phpmyadmin/tbl_chart.php?db=aplicatie_alegeri&table=tbl_users&printview=1&sql_query=SELECT+%2A+FROM+%60tbl_users%60&single_table=true&unlim_num_rows=23&token=231c659de9c64aa7e886ad385c73c12e&ajax_request=true&ajax_page_request=true&_nocache=1715874993363159876 HTTP/1.1" 200 3289
::1 - - [16/May/2024:18:56:33 +0300] "GET /phpmyadmin/js/get_scripts.js.php?scripts%5B%5D=chart.js&scripts%5B%5D=tbl_chart.js&scripts%5B%5D=jqplot/jquery.jqplot.js&scripts%5B%5D=jqplot/plugins/jqplot.barRenderer.js&scripts%5B%5D=jqplot/plugins/jqplot.canvasAxisLabelRenderer.js&scripts%5B%5D=jqplot/plugins/jqplot.canvasTextRenderer.js&scripts%5B%5D=jqplot/plugins/jqplot.categoryAxisRenderer.js&scripts%5B%5D=jqplot/plugins/jqplot.dateAxisRenderer.js&scripts%5B%5D=jqplot/plugins/jqplot.pointLabels.js&scripts%5B%5D=jqplot/plugins/jqplot.pieRenderer.js&scripts%5B%5D=jqplot/plugins/jqplot.highlighter.js&call_done=1&v=4.6.4 HTTP/1.1" 200 129190
::1 - - [16/May/2024:18:56:34 +0300] "GET /phpmyadmin/themes/pmahomme/jquery/images/ui-icons_222222_256x240.png HTTP/1.1" 200 4283
::1 - - [16/May/2024:18:56:34 +0300] "GET /phpmyadmin/index.php?ajax_request=1&recent_table=1&token=231c659de9c64aa7e886ad385c73c12e&no_debug=true&_nocache=1715874994221647935 HTTP/1.1" 200 1552
::1 - - [16/May/2024:18:56:34 +0300] "POST /phpmyadmin/tbl_chart.php HTTP/1.1" 200 2235
::1 - - [16/May/2024:18:56:43 +0300] "GET /phpmyadmin/tbl_structure.php?db=aplicatie_alegeri&table=tbl_users&token=231c659de9c64aa7e886ad385c73c12e&ajax_request=true&ajax_page_request=true&_nocache=1715875003301976860 HTTP/1.1" 200 8440
::1 - - [16/May/2024:18:56:43 +0300] "GET /phpmyadmin/js/get_scripts.js.php?scripts%5B%5D=tbl_structure.js&call_done=1&v=4.6.4 HTTP/1.1" 200 5171
::1 - - [16/May/2024:18:56:44 +0300] "GET /phpmyadmin/index.php?ajax_request=1&recent_table=1&token=231c659de9c64aa7e886ad385c73c12e&no_debug=true&_nocache=1715875004041625659 HTTP/1.1" 200 1552
::1 - - [16/May/2024:18:57:00 +0300] "GET /phpmyadmin/db_structure.php?server=1&db=aplicatie_alegeri&token=231c659de9c64aa7e886ad385c73c12e&ajax_request=true&ajax_page_request=true&_nocache=1715875020533898354 HTTP/1.1" 200 6889
::1 - - [16/May/2024:19:03:55 +0300] "GET /aplicatie_alegeri/results/home.php HTTP/1.1" 200 5678
::1 - - [16/May/2024:19:13:40 +0300] "GET / HTTP/1.1" 200 4035
::1 - - [16/May/2024:19:13:40 +0300] "GET /appserv/members.gif HTTP/1.1" 200 755
::1 - - [16/May/2024:19:13:40 +0300] "GET /appserv/PHP-logo.gif HTTP/1.1" 200 2158
::1 - - [16/May/2024:19:13:40 +0300] "GET /appserv/flag-english.png HTTP/1.1" 200 576
::1 - - [16/May/2024:19:13:40 +0300] "GET /appserv/flag-thai.png HTTP/1.1" 200 545
::1 - - [16/May/2024:19:13:40 +0300] "GET /appserv/softicon.gif HTTP/1.1" 200 474
::1 - - [16/May/2024:19:13:40 +0300] "GET /favicon.ico HTTP/1.1" 404 209
::1 - - [16/May/2024:19:14:46 +0300] "GET /index.php?appservlang=th HTTP/1.1" 200 4752
::1 - - [16/May/2024:19:14:55 +0300] "GET /index.php?appservlang=en HTTP/1.1" 200 4035
::1 - - [16/May/2024:21:02:24 +0300] "GET / HTTP/1.1" 200 4035
::1 - - [16/May/2024:21:02:25 +0300] "GET /favicon.ico HTTP/1.1" 404 209
::1 - - [16/May/2024:21:02:35 +0300] "GET /aplicatie_alegeri/ HTTP/1.1" 200 2304
::1 - - [16/May/2024:21:02:47 +0300] "GET /aplicatie_alegeri/login.php HTTP/1.1" 200 3332
::1 - - [16/May/2024:21:02:51 +0300] "POST /aplicatie_alegeri/login.php HTTP/1.1" 302 3332
::1 - - [16/May/2024:21:02:51 +0300] "GET /aplicatie_alegeri/account.php HTTP/1.1" 200 3910
::1 - - [16/May/2024:21:03:13 +0300] "GET /aplicatie_alegeri/login.php HTTP/1.1" 302 -
::1 - - [16/May/2024:21:03:13 +0300] "GET /aplicatie_alegeri/account.php HTTP/1.1" 200 3910
::1 - - [16/May/2024:21:03:15 +0300] "GET /aplicatie_alegeri/ HTTP/1.1" 200 2662
